2017-12-14 13:51:41,779 [ID (null)] [21] ERROR MasterPage - 7503-Error en sesión.No se puede obtener credenciales
Anses.Director.Session.DirSessionExepcion: 7503-Error en sesión.No se puede obtener credenciales
   en Anses.Director.Session.Credencial.ObtenerCredencial()
   en MasterPage.Page_Init(Object sender, EventArgs e) en c:\Desarrollos\ConveniosInternacionales\Convenios_Site\MasterPage\MasterPage.master.cs:línea 138
2017-12-14 13:51:42,147 [ID (null)] [21] ERROR DirectorManager - En consultarDirector 7503-Error en sesión.No se puede obtener credenciales
2017-12-14 13:54:27,428 [ID (null)] [13] ERROR AltaProvisoria - Void SolicitudProvisoria_Alta(ActoresWS.SolicitudProvisoria, System.String ByRef, System.String ByRef) - Error:System.Web.Services->System.Web.Services.Protocols.SoapException: El servidor no puede procesar la solicitud. ---> System.Exception: Error en Solicitudes.Datos Void SolicitudProvisoria_Alta(Ar.Gov.Anses.Microinformatica.ConveniosX5.Negocio.SolicitudProvisoria, System.String ByRef) ---> System.Data.SqlClient.SqlException: Cannot insert the value NULL into column 'fAltaSistema', table 'ConveniosInt_V02.dbo.SolicitudesProvisorias'; column does not allow nulls. INSERT fails.
   en System.Data.SqlClient.SqlConnection.OnError(SqlException exception, Boolean breakConnection, Action`1 wrapCloseInAction)
   en System.Data.SqlClient.SqlInternalConnection.OnError(SqlException exception, Boolean breakConnection, Action`1 wrapCloseInAction)
   en System.Data.SqlClient.TdsParser.ThrowExceptionAndWarning(TdsParserStateObject stateObj, Boolean callerHasConnectionLock, Boolean asyncClose)
   en System.Data.SqlClient.TdsParser.TryRun(RunBehavior runBehavior, SqlCommand cmdHandler, SqlDataReader dataStream, BulkCopySimpleResultSet bulkCopyHandler, TdsParserStateObject stateObj, Boolean& dataReady)
   en System.Data.SqlClient.SqlCommand.FinishExecuteReader(SqlDataReader ds, RunBehavior runBehavior, String resetOptionsString)
   en System.Data.SqlClient.SqlCommand.RunExecuteReaderTds(CommandBehavior cmdBehavior, RunBehavior runBehavior, Boolean returnStream, Boolean async, Int32 timeout, Task& task, Boolean asyncWrite, SqlDataReader ds)
   en System.Data.SqlClient.SqlCommand.RunExecuteReader(CommandBehavior cmdBehavior, RunBehavior runBehavior, Boolean returnStream, String method, TaskCompletionSource`1 completion, Int32 timeout, Task& task, Boolean asyncWrite)
   en System.Data.SqlClient.SqlCommand.InternalExecuteNonQuery(TaskCompletionSource`1 completion, String methodName, Boolean sendToPipe, Int32 timeout, Boolean asyncWrite)
   en System.Data.SqlClient.SqlCommand.ExecuteNonQuery()
   en Microsoft.Practices.EnterpriseLibrary.Data.Database.DoExecuteNonQuery(DbCommand command)
   en Microsoft.Practices.EnterpriseLibrary.Data.Database.ExecuteNonQuery(DbCommand command)
   en Ar.Gov.Anses.Microinformatica.ConveniosX5.Datos.SolicitudesDatos.SolicitudProvisoria_Alta(SolicitudProvisoria iSolicitudProvisoria, String& newNroSolicitud) en c:\Desarrollos\ConveniosInternacionales\Convenios_Datos\Solicitudes.Datos.cs:línea 712
   --- Fin del seguimiento de la pila de la excepción interna ---
   en Ar.Gov.Anses.Microinformatica.AnsesConveniosInternacionalesX5.Servicios.ActoresWS.SolicitudProvisoria_Alta(SolicitudProvisoria iSolicitudProvisoria)
   --- Fin del seguimiento de la pila de la excepción interna ---
