2017-12-01 09:38:20,748 [ID (null)] [51] ERROR AltaProvisoria - No se puede reconocer la cadena como valor DateTime válido.
2017-12-01 10:00:19,122 [ID (null)] [77] ERROR global_asax - ID Error       : 1696129333
Mensaje Error : c:\Desarrollos\ConveniosInternacionales\Convenios_Site\Paginas\Main.aspx(10): error CS0433: El tipo 'ASP.controles_barranav_ascx' existe tanto en 'c:\Windows\Microsoft.NET\Framework\v4.0.30319\Temporary ASP.NET Files\convenios_site\6c96af76\9489b757\App_Web_kgbzgehm.dll' como en 'c:\Windows\Microsoft.NET\Framework\v4.0.30319\Temporary ASP.NET Files\convenios_site\6c96af76\9489b757\App_Web_kuwifmnn.dll'
Stack     :    en System.Web.Compilation.BuildManager.CompileWebFile(VirtualPath virtualPath)
   en System.Web.Compilation.BuildManager.GetVPathBuildResultInternal(VirtualPath virtualPath, Boolean noBuild, Boolean allowCrossApp, Boolean allowBuildInPrecompile, Boolean throwIfNotFound, Boolean ensureIsUpToDate)
   en System.Web.Compilation.BuildManager.GetVPathBuildResultWithNoAssert(HttpContext context, VirtualPath virtualPath, Boolean noBuild, Boolean allowCrossApp, Boolean allowBuildInPrecompile, Boolean throwIfNotFound, Boolean ensureIsUpToDate)
   en System.Web.Compilation.BuildManager.GetVirtualPathObjectFactory(VirtualPath virtualPath, HttpContext context, Boolean allowCrossApp, Boolean throwIfNotFound)
   en System.Web.Compilation.BuildManager.CreateInstanceFromVirtualPath(VirtualPath virtualPath, Type requiredBaseType, HttpContext context, Boolean allowCrossApp)
   en System.Web.UI.PageHandlerFactory.GetHandlerHelper(HttpContext context, String requestType, VirtualPath virtualPath, String physicalPath)
   en System.Web.UI.PageHandlerFactory.GetHandler(HttpContext context, String requestType, String virtualPath, String path)
   en System.Web.HttpApplication.MaterializeHandlerExecutionStep.System.Web.HttpApplication.IExecutionStep.Execute()
   en System.Web.HttpApplication.ExecuteStep(IExecutionStep step, Boolean& completedSynchronously)

2017-12-01 10:00:27,970 [ID (null)] [81] ERROR global_asax - ID Error       : 1692121946
Mensaje Error : c:\Desarrollos\ConveniosInternacionales\Convenios_Site\Paginas\AltaProvisoria.aspx(15): error CS0433: El tipo 'ASP.controles_barranav_ascx' existe tanto en 'c:\Windows\Microsoft.NET\Framework\v4.0.30319\Temporary ASP.NET Files\convenios_site\6c96af76\9489b757\App_Web_kgbzgehm.dll' como en 'c:\Windows\Microsoft.NET\Framework\v4.0.30319\Temporary ASP.NET Files\convenios_site\6c96af76\9489b757\App_Web_kuwifmnn.dll'
Stack     :    en System.Web.Compilation.BuildManager.PostProcessFoundBuildResult(BuildResult result, Boolean keyFromVPP, VirtualPath virtualPath)
   en System.Web.Compilation.BuildManager.GetBuildResultFromCacheInternal(String cacheKey, Boolean keyFromVPP, VirtualPath virtualPath, Int64 hashCode, Boolean ensureIsUpToDate)
   en System.Web.Compilation.BuildManager.GetVPathBuildResultFromCacheInternal(VirtualPath virtualPath, Boolean ensureIsUpToDate)
   en System.Web.Compilation.BuildManager.GetVPathBuildResultInternal(VirtualPath virtualPath, Boolean noBuild, Boolean allowCrossApp, Boolean allowBuildInPrecompile, Boolean throwIfNotFound, Boolean ensureIsUpToDate)
   en System.Web.Compilation.BuildManager.GetVPathBuildResultWithNoAssert(HttpContext context, VirtualPath virtualPath, Boolean noBuild, Boolean allowCrossApp, Boolean allowBuildInPrecompile, Boolean throwIfNotFound, Boolean ensureIsUpToDate)
   en System.Web.Compilation.BuildManager.GetVirtualPathObjectFactory(VirtualPath virtualPath, HttpContext context, Boolean allowCrossApp, Boolean throwIfNotFound)
   en System.Web.Compilation.BuildManager.CreateInstanceFromVirtualPath(VirtualPath virtualPath, Type requiredBaseType, HttpContext context, Boolean allowCrossApp)
   en System.Web.UI.PageHandlerFactory.GetHandlerHelper(HttpContext context, String requestType, VirtualPath virtualPath, String physicalPath)
   en System.Web.UI.PageHandlerFactory.GetHandler(HttpContext context, String requestType, String virtualPath, String path)
   en System.Web.HttpApplication.MaterializeHandlerExecutionStep.System.Web.HttpApplication.IExecutionStep.Execute()
   en System.Web.HttpApplication.ExecuteStep(IExecutionStep step, Boolean& completedSynchronously)

2017-12-01 10:33:58,025 [ID (null)] [7] ERROR MasterPage - 7503-Error en sesión.No se puede obtener credenciales
Anses.Director.Session.DirSessionExepcion: 7503-Error en sesión.No se puede obtener credenciales
   en Anses.Director.Session.Credencial.ObtenerCredencial()
   en MasterPage.Page_Init(Object sender, EventArgs e) en c:\Desarrollos\ConveniosInternacionales\Convenios_Site\MasterPage\MasterPage.master.cs:línea 138
2017-12-01 10:33:58,356 [ID (null)] [7] ERROR InvocaWsDao - en VersionSistema se produjo el siguiente error => Anses.Director.Session.DirSessionExepcion: 7503-Error en sesión.No se puede obtener credenciales
   en Anses.Director.Session.Credencial.ObtenerCredencialInterna()
   en Anses.Director.Session.DirectorExtension.ProcessMessage(SoapMessage message)
   en System.Web.Services.Protocols.SoapMessage.RunExtensions(SoapExtension[] extensions, Boolean throwOnException)
   en System.Web.Services.Protocols.SoapHttpClientProtocol.BeforeSerialize(WebRequest request, String methodName, Object[] parameters)
   en System.Web.Services.Protocols.SoapHttpClientProtocol.Invoke(String methodName, Object[] parameters)
   en AuxiliaresWS.AuxiliaresWS.VersionSistema() en c:\Windows\Microsoft.NET\Framework\v4.0.30319\Temporary ASP.NET Files\convenios_site\6c96af76\9489b757\App_WebReferences.8oo5snvo.2.cs:línea 142
   en InvocaWsDao.VersionSistema() en c:\Desarrollos\ConveniosInternacionales\Convenios_Site\App_Code\InvocaWsDao.cs:línea 159
2017-12-01 10:33:58,356 [ID (null)] [7] ERROR comun_controles_cabecera - Se generó una excepción : 7503-Error en sesión.No se puede obtener credenciales
2017-12-01 10:34:44,271 [ID (null)] [7] ERROR MasterPage - 7503-Error en sesión.No se puede obtener credenciales
Anses.Director.Session.DirSessionExepcion: 7503-Error en sesión.No se puede obtener credenciales
   en Anses.Director.Session.Credencial.ObtenerCredencial()
   en MasterPage.Page_Init(Object sender, EventArgs e) en c:\Desarrollos\ConveniosInternacionales\Convenios_Site\MasterPage\MasterPage.master.cs:línea 138
2017-12-01 10:34:44,289 [ID (null)] [7] ERROR DirectorManager - En consultarDirector 7503-Error en sesión.No se puede obtener credenciales
2017-12-01 10:34:44,289 [ID (null)] [7] ERROR Paginas_Main - Error al cargar la pagina Main.aspx error: Subproceso anulado.
2017-12-01 10:44:52,650 [ID (null)] [36] ERROR global_asax - ID Error       : -648469743
Mensaje Error : c:\Desarrollos\ConveniosInternacionales\Convenios_Site\MasterPage\MasterPage.master(60): error CS0433: El tipo 'ASP.controles_cabecera_ascx' existe tanto en 'c:\Windows\Microsoft.NET\Framework\v4.0.30319\Temporary ASP.NET Files\convenios_site\6c96af76\9489b757\App_Web_zgjzqm15.dll' como en 'c:\Windows\Microsoft.NET\Framework\v4.0.30319\Temporary ASP.NET Files\convenios_site\6c96af76\9489b757\App_Web_4dgdn0mo.dll'
Stack     :    en System.Web.Compilation.BuildManager.PostProcessFoundBuildResult(BuildResult result, Boolean keyFromVPP, VirtualPath virtualPath)
   en System.Web.Compilation.BuildManager.GetBuildResultFromCacheInternal(String cacheKey, Boolean keyFromVPP, VirtualPath virtualPath, Int64 hashCode, Boolean ensureIsUpToDate)
   en System.Web.Compilation.BuildManager.GetVPathBuildResultFromCacheInternal(VirtualPath virtualPath, Boolean ensureIsUpToDate)
   en System.Web.Compilation.BuildManager.GetVPathBuildResultInternal(VirtualPath virtualPath, Boolean noBuild, Boolean allowCrossApp, Boolean allowBuildInPrecompile, Boolean throwIfNotFound, Boolean ensureIsUpToDate)
   en System.Web.Compilation.BuildManager.GetVPathBuildResultWithNoAssert(HttpContext context, VirtualPath virtualPath, Boolean noBuild, Boolean allowCrossApp, Boolean allowBuildInPrecompile, Boolean throwIfNotFound, Boolean ensureIsUpToDate)
   en System.Web.UI.BaseTemplateParser.GetReferencedType(VirtualPath virtualPath, Boolean allowNoCompile)
   en System.Web.UI.PageParser.ProcessMainDirectiveAttribute(String deviceName, String name, String value, IDictionary parseData)
   en System.Web.UI.TemplateParser.ProcessMainDirective(IDictionary mainDirective)

2017-12-01 10:45:30,744 [ID (null)] [28] ERROR global_asax - ID Error       : 394520522
Mensaje Error : El archivo '/Convenios_Site/Paginas/Default.aspx' no existe.
Stack     :    en System.Web.UI.Util.CheckVirtualFileExists(VirtualPath virtualPath)
   en System.Web.Compilation.BuildManager.GetVPathBuildResultInternal(VirtualPath virtualPath, Boolean noBuild, Boolean allowCrossApp, Boolean allowBuildInPrecompile, Boolean throwIfNotFound, Boolean ensureIsUpToDate)
   en System.Web.Compilation.BuildManager.GetVPathBuildResultWithNoAssert(HttpContext context, VirtualPath virtualPath, Boolean noBuild, Boolean allowCrossApp, Boolean allowBuildInPrecompile, Boolean throwIfNotFound, Boolean ensureIsUpToDate)
   en System.Web.Compilation.BuildManager.GetVirtualPathObjectFactory(VirtualPath virtualPath, HttpContext context, Boolean allowCrossApp, Boolean throwIfNotFound)
   en System.Web.Compilation.BuildManager.CreateInstanceFromVirtualPath(VirtualPath virtualPath, Type requiredBaseType, HttpContext context, Boolean allowCrossApp)
   en System.Web.UI.PageHandlerFactory.GetHandlerHelper(HttpContext context, String requestType, VirtualPath virtualPath, String physicalPath)
   en System.Web.UI.PageHandlerFactory.GetHandler(HttpContext context, String requestType, String virtualPath, String path)
   en System.Web.HttpApplication.MaterializeHandlerExecutionStep.System.Web.HttpApplication.IExecutionStep.Execute()
   en System.Web.HttpApplication.ExecuteStep(IExecutionStep step, Boolean& completedSynchronously)

2017-12-01 11:19:29,571 [ID (null)] [7] ERROR global_asax - ID Error       : 1136365713
Mensaje Error : System.Collections.Generic.List`1[ActoresWS.LsBeneficiario] TraerBeneficiarios(ActoresWS.TipoConsultaBeneficioario, System.String, System.String, System.String ByRef) - Error:Anses.Director.Session.lib->7503-Error en sesión.No se puede obtener credenciales
Stack     :    en InvocaWsDao.TraerBeneficiarios(TipoConsultaBeneficioario iTipoConsulta, String parametro, String codDoc, String& mensaje) en c:\Desarrollos\ConveniosInternacionales\Convenios_Site\App_Code\InvocaWsDao.cs:línea 1674
   en Paginas_Main.btnBuscar_Click(Object sender, EventArgs e) en c:\Desarrollos\ConveniosInternacionales\Convenios_Site\Paginas\Main.aspx.cs:línea 197
   en System.Web.UI.WebControls.Button.OnClick(EventArgs e)
   en System.Web.UI.WebControls.Button.RaisePostBackEvent(String eventArgument)
   en System.Web.UI.WebControls.Button.System.Web.UI.IPostBackEventHandler.RaisePostBackEvent(String eventArgument)
   en System.Web.UI.Page.RaisePostBackEvent(IPostBackEventHandler sourceControl, String eventArgument)
   en System.Web.UI.Page.RaisePostBackEvent(NameValueCollection postData)
   en System.Web.UI.Page.ProcessRequestMain(Boolean includeStagesBeforeAsyncPoint, Boolean includeStagesAfterAsyncPoint)

2017-12-01 11:19:56,920 [ID (null)] [7] ERROR MasterPage - 7503-Error en sesión.No se puede obtener credenciales
Anses.Director.Session.DirSessionExepcion: 7503-Error en sesión.No se puede obtener credenciales
   en Anses.Director.Session.Credencial.ObtenerCredencial()
   en MasterPage.Page_Init(Object sender, EventArgs e) en c:\Desarrollos\ConveniosInternacionales\Convenios_Site\MasterPage\MasterPage.master.cs:línea 138
2017-12-01 11:19:56,940 [ID (null)] [7] ERROR DirectorManager - En consultarDirector 7503-Error en sesión.No se puede obtener credenciales
2017-12-01 11:19:56,941 [ID (null)] [7] ERROR Paginas_Main - Error al cargar la pagina Main.aspx error: Subproceso anulado.
