2017-11-24 15:38:04,887 [ID (null)] [20] ERROR global_asax - ID Error       : 301533771
Mensaje Error : c:\Desarrollos\ConveniosInternacionales\Convenios_Site\Paginas\AltaProvisoria.aspx.cs(464): error CS0103: El nombre 'gv' no existe en el contexto actual
Stack     :    en System.Web.Compilation.BuildManager.CompileWebFile(VirtualPath virtualPath)
   en System.Web.Compilation.BuildManager.GetVPathBuildResultInternal(VirtualPath virtualPath, Boolean noBuild, Boolean allowCrossApp, Boolean allowBuildInPrecompile, Boolean throwIfNotFound, Boolean ensureIsUpToDate)
   en System.Web.Compilation.BuildManager.GetVPathBuildResultWithNoAssert(HttpContext context, VirtualPath virtualPath, Boolean noBuild, Boolean allowCrossApp, Boolean allowBuildInPrecompile, Boolean throwIfNotFound, Boolean ensureIsUpToDate)
   en System.Web.Compilation.BuildManager.GetVirtualPathObjectFactory(VirtualPath virtualPath, HttpContext context, Boolean allowCrossApp, Boolean throwIfNotFound)
   en System.Web.Compilation.BuildManager.CreateInstanceFromVirtualPath(VirtualPath virtualPath, Type requiredBaseType, HttpContext context, Boolean allowCrossApp)
   en System.Web.UI.PageHandlerFactory.GetHandlerHelper(HttpContext context, String requestType, VirtualPath virtualPath, String physicalPath)
   en System.Web.UI.PageHandlerFactory.GetHandler(HttpContext context, String requestType, String virtualPath, String path)
   en System.Web.HttpApplication.MaterializeHandlerExecutionStep.System.Web.HttpApplication.IExecutionStep.Execute()
   en System.Web.HttpApplication.ExecuteStep(IExecutionStep step, Boolean& completedSynchronously)

2017-11-24 15:40:16,295 [ID (null)] [36] ERROR global_asax - ID Error       : 1698060359
Mensaje Error : El valor '' de la propiedad MaximumValue de 'rvtxtFechaIngSolicitud' no se puede convertir en el tipo 'Date'.
Stack     :    en System.Web.UI.WebControls.RangeValidator.ValidateValues()
   en System.Web.UI.WebControls.RangeValidator.ControlPropertiesValid()
   en System.Web.UI.WebControls.BaseValidator.OnPreRender(EventArgs e)
   en System.Web.UI.Control.PreRenderRecursiveInternal()
   en System.Web.UI.Control.PreRenderRecursiveInternal()
   en System.Web.UI.Control.PreRenderRecursiveInternal()
   en System.Web.UI.Control.PreRenderRecursiveInternal()
   en System.Web.UI.Control.PreRenderRecursiveInternal()
   en System.Web.UI.Control.PreRenderRecursiveInternal()
   en System.Web.UI.Control.PreRenderRecursiveInternal()
   en System.Web.UI.Page.ProcessRequestMain(Boolean includeStagesBeforeAsyncPoint, Boolean includeStagesAfterAsyncPoint)

2017-11-24 15:57:33,304 [ID (null)] [30] ERROR global_asax - ID Error       : 972706780
Mensaje Error : c:\Desarrollos\ConveniosInternacionales\Convenios_Site\Paginas\AltaProvisoria.aspx.cs(266): error CS0103: El nombre 'txtObservacionIngreso' no existe en el contexto actual
Stack     :    en System.Web.Compilation.BuildManager.CompileWebFile(VirtualPath virtualPath)
   en System.Web.Compilation.BuildManager.GetVPathBuildResultInternal(VirtualPath virtualPath, Boolean noBuild, Boolean allowCrossApp, Boolean allowBuildInPrecompile, Boolean throwIfNotFound, Boolean ensureIsUpToDate)
   en System.Web.Compilation.BuildManager.GetVPathBuildResultWithNoAssert(HttpContext context, VirtualPath virtualPath, Boolean noBuild, Boolean allowCrossApp, Boolean allowBuildInPrecompile, Boolean throwIfNotFound, Boolean ensureIsUpToDate)
   en System.Web.Compilation.BuildManager.GetVirtualPathObjectFactory(VirtualPath virtualPath, HttpContext context, Boolean allowCrossApp, Boolean throwIfNotFound)
   en System.Web.Compilation.BuildManager.CreateInstanceFromVirtualPath(VirtualPath virtualPath, Type requiredBaseType, HttpContext context, Boolean allowCrossApp)
   en System.Web.UI.PageHandlerFactory.GetHandlerHelper(HttpContext context, String requestType, VirtualPath virtualPath, String physicalPath)
   en System.Web.UI.PageHandlerFactory.GetHandler(HttpContext context, String requestType, String virtualPath, String path)
   en System.Web.HttpApplication.MaterializeHandlerExecutionStep.System.Web.HttpApplication.IExecutionStep.Execute()
   en System.Web.HttpApplication.ExecuteStep(IExecutionStep step, Boolean& completedSynchronously)

2017-11-24 16:13:57,423 [ID (null)] [22] ERROR AltaProvisoria - No se puede reconocer la cadena como valor DateTime válido.
