2017-12-27 10:16:23,280 [ID (null)] [11] ERROR AltaProvisoria - No se puede obtener acceso a un archivo cerrado.
2017-12-27 10:17:45,511 [ID (null)] [10] ERROR AltaProvisoria - No se puede obtener acceso a un archivo cerrado.
2017-12-27 10:21:36,006 [ID (null)] [18] ERROR AltaProvisoria - No se puede obtener acceso a un archivo cerrado.
2017-12-27 10:28:26,602 [ID (null)] [15] ERROR AltaProvisoria - No se puede obtener acceso a un archivo cerrado.
2017-12-27 10:34:17,793 [ID (null)] [8] ERROR AltaProvisoria - No se puede obtener acceso a un archivo cerrado.
2017-12-27 10:35:57,240 [ID (null)] [17] ERROR AltaProvisoria - No se puede obtener acceso a un archivo cerrado.
2017-12-27 10:45:09,064 [ID (null)] [11] ERROR global_asax - ID Error       : 2096037173
Mensaje Error : El control con el id. ID 'IpFile' que se está registrando mediante RegisterAsyncPostBackControl o RegisterPostBackControl debe implementar INamingContainer, IPostBackDataHandler o IPostBackEventHandler.
Stack     :    en System.Web.UI.PageRequestManager.RegisterPostBackControl(Control control)
   en System.Web.UI.ScriptManager.RegisterPostBackControl(Control control)
   en AltaProvisoria.Page_Load(Object sender, EventArgs e) en c:\Desarrollos\ConveniosInternacionales\Convenios_Site\Paginas\AltaProvisoria.aspx.cs:línea 111
   en System.Web.Util.CalliEventHandlerDelegateProxy.Callback(Object sender, EventArgs e)
   en System.Web.UI.Control.OnLoad(EventArgs e)
   en System.Web.UI.Control.LoadRecursive()
   en System.Web.UI.Page.ProcessRequestMain(Boolean includeStagesBeforeAsyncPoint, Boolean includeStagesAfterAsyncPoint)

2017-12-27 10:45:10,661 [ID (null)] [53] ERROR global_asax - ID Error       : -1189039618
Mensaje Error : El control con el id. ID 'IpFile' que se está registrando mediante RegisterAsyncPostBackControl o RegisterPostBackControl debe implementar INamingContainer, IPostBackDataHandler o IPostBackEventHandler.
Stack     :    en System.Web.UI.PageRequestManager.RegisterPostBackControl(Control control)
   en System.Web.UI.ScriptManager.RegisterPostBackControl(Control control)
   en AltaProvisoria.Page_Load(Object sender, EventArgs e) en c:\Desarrollos\ConveniosInternacionales\Convenios_Site\Paginas\AltaProvisoria.aspx.cs:línea 111
   en System.Web.Util.CalliEventHandlerDelegateProxy.Callback(Object sender, EventArgs e)
   en System.Web.UI.Control.OnLoad(EventArgs e)
   en System.Web.UI.Control.LoadRecursive()
   en System.Web.UI.Page.ProcessRequestMain(Boolean includeStagesBeforeAsyncPoint, Boolean includeStagesAfterAsyncPoint)

2017-12-27 10:48:10,198 [ID (null)] [14] ERROR AltaProvisoria - No se puede obtener acceso a un archivo cerrado.
