2017-12-28 11:28:04,337 [ID (null)] [31] ERROR global_asax - ID Error       : 97229204
Mensaje Error : La cadena de entrada no tiene el formato correcto.
Stack     :    en System.Number.StringToNumber(String str, NumberStyles options, NumberBuffer& number, NumberFormatInfo info, Boolean parseDecimal)
   en System.Number.ParseInt32(String s, NumberStyles style, NumberFormatInfo info)
   en System.String.System.IConvertible.ToInt32(IFormatProvider provider)
   en System.Convert.ToInt32(Object value)
   en Paginas_ConsultaTProvisorios.RowCommand(Object sender, GridViewCommandEventArgs e) en c:\Desarrollos\ConveniosInternacionales\Convenios_Site\Paginas\ConsultaTProvisorios.aspx.cs:línea 370
   en System.Web.UI.WebControls.GridView.OnRowCommand(GridViewCommandEventArgs e)
   en System.Web.UI.WebControls.GridView.HandleEvent(EventArgs e, Boolean causesValidation, String validationGroup)
   en System.Web.UI.WebControls.GridView.OnBubbleEvent(Object source, EventArgs e)
   en System.Web.UI.Control.RaiseBubbleEvent(Object source, EventArgs args)
   en System.Web.UI.WebControls.GridViewRow.OnBubbleEvent(Object source, EventArgs e)
   en System.Web.UI.Control.RaiseBubbleEvent(Object source, EventArgs args)
   en System.Web.UI.WebControls.ImageButton.OnCommand(CommandEventArgs e)
   en System.Web.UI.WebControls.ImageButton.RaisePostBackEvent(String eventArgument)
   en System.Web.UI.WebControls.ImageButton.System.Web.UI.IPostBackEventHandler.RaisePostBackEvent(String eventArgument)
   en System.Web.UI.Page.RaisePostBackEvent(IPostBackEventHandler sourceControl, String eventArgument)
   en System.Web.UI.Page.RaisePostBackEvent(NameValueCollection postData)
   en System.Web.UI.Page.ProcessRequestMain(Boolean includeStagesBeforeAsyncPoint, Boolean includeStagesAfterAsyncPoint)

2017-12-28 11:28:10,289 [ID (null)] [23] ERROR global_asax - ID Error       : -77715303
Mensaje Error : La cadena de entrada no tiene el formato correcto.
Stack     :    en System.Number.StringToNumber(String str, NumberStyles options, NumberBuffer& number, NumberFormatInfo info, Boolean parseDecimal)
   en System.Number.ParseInt32(String s, NumberStyles style, NumberFormatInfo info)
   en System.String.System.IConvertible.ToInt32(IFormatProvider provider)
   en System.Convert.ToInt32(Object value)
   en Paginas_ConsultaTProvisorios.RowCommand(Object sender, GridViewCommandEventArgs e) en c:\Desarrollos\ConveniosInternacionales\Convenios_Site\Paginas\ConsultaTProvisorios.aspx.cs:línea 370
   en System.Web.UI.WebControls.GridView.OnRowCommand(GridViewCommandEventArgs e)
   en System.Web.UI.WebControls.GridView.HandleEvent(EventArgs e, Boolean causesValidation, String validationGroup)
   en System.Web.UI.WebControls.GridView.OnBubbleEvent(Object source, EventArgs e)
   en System.Web.UI.Control.RaiseBubbleEvent(Object source, EventArgs args)
   en System.Web.UI.WebControls.GridViewRow.OnBubbleEvent(Object source, EventArgs e)
   en System.Web.UI.Control.RaiseBubbleEvent(Object source, EventArgs args)
   en System.Web.UI.WebControls.ImageButton.OnCommand(CommandEventArgs e)
   en System.Web.UI.WebControls.ImageButton.RaisePostBackEvent(String eventArgument)
   en System.Web.UI.WebControls.ImageButton.System.Web.UI.IPostBackEventHandler.RaisePostBackEvent(String eventArgument)
   en System.Web.UI.Page.RaisePostBackEvent(IPostBackEventHandler sourceControl, String eventArgument)
   en System.Web.UI.Page.RaisePostBackEvent(NameValueCollection postData)
   en System.Web.UI.Page.ProcessRequestMain(Boolean includeStagesBeforeAsyncPoint, Boolean includeStagesAfterAsyncPoint)

2017-12-28 11:28:15,443 [ID (null)] [37] ERROR global_asax - ID Error       : -84040209
Mensaje Error : La cadena de entrada no tiene el formato correcto.
Stack     :    en System.Number.StringToNumber(String str, NumberStyles options, NumberBuffer& number, NumberFormatInfo info, Boolean parseDecimal)
   en System.Number.ParseInt32(String s, NumberStyles style, NumberFormatInfo info)
   en System.String.System.IConvertible.ToInt32(IFormatProvider provider)
   en System.Convert.ToInt32(Object value)
   en Paginas_ConsultaTProvisorios.RowCommand(Object sender, GridViewCommandEventArgs e) en c:\Desarrollos\ConveniosInternacionales\Convenios_Site\Paginas\ConsultaTProvisorios.aspx.cs:línea 370
   en System.Web.UI.WebControls.GridView.OnRowCommand(GridViewCommandEventArgs e)
   en System.Web.UI.WebControls.GridView.HandleEvent(EventArgs e, Boolean causesValidation, String validationGroup)
   en System.Web.UI.WebControls.GridView.OnBubbleEvent(Object source, EventArgs e)
   en System.Web.UI.Control.RaiseBubbleEvent(Object source, EventArgs args)
   en System.Web.UI.WebControls.GridViewRow.OnBubbleEvent(Object source, EventArgs e)
   en System.Web.UI.Control.RaiseBubbleEvent(Object source, EventArgs args)
   en System.Web.UI.WebControls.ImageButton.OnCommand(CommandEventArgs e)
   en System.Web.UI.WebControls.ImageButton.RaisePostBackEvent(String eventArgument)
   en System.Web.UI.WebControls.ImageButton.System.Web.UI.IPostBackEventHandler.RaisePostBackEvent(String eventArgument)
   en System.Web.UI.Page.RaisePostBackEvent(IPostBackEventHandler sourceControl, String eventArgument)
   en System.Web.UI.Page.RaisePostBackEvent(NameValueCollection postData)
   en System.Web.UI.Page.ProcessRequestMain(Boolean includeStagesBeforeAsyncPoint, Boolean includeStagesAfterAsyncPoint)

2017-12-28 11:28:21,370 [ID (null)] [31] ERROR global_asax - ID Error       : -1587067194
Mensaje Error : La cadena de entrada no tiene el formato correcto.
Stack     :    en System.Number.StringToNumber(String str, NumberStyles options, NumberBuffer& number, NumberFormatInfo info, Boolean parseDecimal)
   en System.Number.ParseInt32(String s, NumberStyles style, NumberFormatInfo info)
   en System.String.System.IConvertible.ToInt32(IFormatProvider provider)
   en System.Convert.ToInt32(Object value)
   en Paginas_ConsultaTProvisorios.RowCommand(Object sender, GridViewCommandEventArgs e) en c:\Desarrollos\ConveniosInternacionales\Convenios_Site\Paginas\ConsultaTProvisorios.aspx.cs:línea 370
   en System.Web.UI.WebControls.GridView.OnRowCommand(GridViewCommandEventArgs e)
   en System.Web.UI.WebControls.GridView.HandleEvent(EventArgs e, Boolean causesValidation, String validationGroup)
   en System.Web.UI.WebControls.GridView.OnBubbleEvent(Object source, EventArgs e)
   en System.Web.UI.Control.RaiseBubbleEvent(Object source, EventArgs args)
   en System.Web.UI.WebControls.GridViewRow.OnBubbleEvent(Object source, EventArgs e)
   en System.Web.UI.Control.RaiseBubbleEvent(Object source, EventArgs args)
   en System.Web.UI.WebControls.ImageButton.OnCommand(CommandEventArgs e)
   en System.Web.UI.WebControls.ImageButton.RaisePostBackEvent(String eventArgument)
   en System.Web.UI.WebControls.ImageButton.System.Web.UI.IPostBackEventHandler.RaisePostBackEvent(String eventArgument)
   en System.Web.UI.Page.RaisePostBackEvent(IPostBackEventHandler sourceControl, String eventArgument)
   en System.Web.UI.Page.RaisePostBackEvent(NameValueCollection postData)
   en System.Web.UI.Page.ProcessRequestMain(Boolean includeStagesBeforeAsyncPoint, Boolean includeStagesAfterAsyncPoint)

2017-12-28 11:28:23,328 [ID (null)] [37] ERROR global_asax - ID Error       : 1769241513
Mensaje Error : La cadena de entrada no tiene el formato correcto.
Stack     :    en System.Number.StringToNumber(String str, NumberStyles options, NumberBuffer& number, NumberFormatInfo info, Boolean parseDecimal)
   en System.Number.ParseInt32(String s, NumberStyles style, NumberFormatInfo info)
   en System.String.System.IConvertible.ToInt32(IFormatProvider provider)
   en System.Convert.ToInt32(Object value)
   en Paginas_ConsultaTProvisorios.RowCommand(Object sender, GridViewCommandEventArgs e) en c:\Desarrollos\ConveniosInternacionales\Convenios_Site\Paginas\ConsultaTProvisorios.aspx.cs:línea 370
   en System.Web.UI.WebControls.GridView.OnRowCommand(GridViewCommandEventArgs e)
   en System.Web.UI.WebControls.GridView.HandleEvent(EventArgs e, Boolean causesValidation, String validationGroup)
   en System.Web.UI.WebControls.GridView.OnBubbleEvent(Object source, EventArgs e)
   en System.Web.UI.Control.RaiseBubbleEvent(Object source, EventArgs args)
   en System.Web.UI.WebControls.GridViewRow.OnBubbleEvent(Object source, EventArgs e)
   en System.Web.UI.Control.RaiseBubbleEvent(Object source, EventArgs args)
   en System.Web.UI.WebControls.ImageButton.OnCommand(CommandEventArgs e)
   en System.Web.UI.WebControls.ImageButton.RaisePostBackEvent(String eventArgument)
   en System.Web.UI.WebControls.ImageButton.System.Web.UI.IPostBackEventHandler.RaisePostBackEvent(String eventArgument)
   en System.Web.UI.Page.RaisePostBackEvent(IPostBackEventHandler sourceControl, String eventArgument)
   en System.Web.UI.Page.RaisePostBackEvent(NameValueCollection postData)
   en System.Web.UI.Page.ProcessRequestMain(Boolean includeStagesBeforeAsyncPoint, Boolean includeStagesAfterAsyncPoint)

2017-12-28 11:28:24,020 [ID (null)] [37] ERROR global_asax - ID Error       : -120105479
Mensaje Error : La cadena de entrada no tiene el formato correcto.
Stack     :    en System.Number.StringToNumber(String str, NumberStyles options, NumberBuffer& number, NumberFormatInfo info, Boolean parseDecimal)
   en System.Number.ParseInt32(String s, NumberStyles style, NumberFormatInfo info)
   en System.String.System.IConvertible.ToInt32(IFormatProvider provider)
   en System.Convert.ToInt32(Object value)
   en Paginas_ConsultaTProvisorios.RowCommand(Object sender, GridViewCommandEventArgs e) en c:\Desarrollos\ConveniosInternacionales\Convenios_Site\Paginas\ConsultaTProvisorios.aspx.cs:línea 370
   en System.Web.UI.WebControls.GridView.OnRowCommand(GridViewCommandEventArgs e)
   en System.Web.UI.WebControls.GridView.HandleEvent(EventArgs e, Boolean causesValidation, String validationGroup)
   en System.Web.UI.WebControls.GridView.OnBubbleEvent(Object source, EventArgs e)
   en System.Web.UI.Control.RaiseBubbleEvent(Object source, EventArgs args)
   en System.Web.UI.WebControls.GridViewRow.OnBubbleEvent(Object source, EventArgs e)
   en System.Web.UI.Control.RaiseBubbleEvent(Object source, EventArgs args)
   en System.Web.UI.WebControls.ImageButton.OnCommand(CommandEventArgs e)
   en System.Web.UI.WebControls.ImageButton.RaisePostBackEvent(String eventArgument)
   en System.Web.UI.WebControls.ImageButton.System.Web.UI.IPostBackEventHandler.RaisePostBackEvent(String eventArgument)
   en System.Web.UI.Page.RaisePostBackEvent(IPostBackEventHandler sourceControl, String eventArgument)
   en System.Web.UI.Page.RaisePostBackEvent(NameValueCollection postData)
   en System.Web.UI.Page.ProcessRequestMain(Boolean includeStagesBeforeAsyncPoint, Boolean includeStagesAfterAsyncPoint)

2017-12-28 11:30:55,037 [ID (null)] [31] ERROR global_asax - ID Error       : 985024139
Mensaje Error : La cadena de entrada no tiene el formato correcto.
Stack     :    en System.Number.StringToNumber(String str, NumberStyles options, NumberBuffer& number, NumberFormatInfo info, Boolean parseDecimal)
   en System.Number.ParseInt32(String s, NumberStyles style, NumberFormatInfo info)
   en System.String.System.IConvertible.ToInt32(IFormatProvider provider)
   en System.Convert.ToInt32(Object value)
   en Paginas_ConsultaTProvisorios.RowCommand(Object sender, GridViewCommandEventArgs e) en c:\Desarrollos\ConveniosInternacionales\Convenios_Site\Paginas\ConsultaTProvisorios.aspx.cs:línea 370
   en System.Web.UI.WebControls.GridView.OnRowCommand(GridViewCommandEventArgs e)
   en System.Web.UI.WebControls.GridView.HandleEvent(EventArgs e, Boolean causesValidation, String validationGroup)
   en System.Web.UI.WebControls.GridView.OnBubbleEvent(Object source, EventArgs e)
   en System.Web.UI.Control.RaiseBubbleEvent(Object source, EventArgs args)
   en System.Web.UI.WebControls.GridViewRow.OnBubbleEvent(Object source, EventArgs e)
   en System.Web.UI.Control.RaiseBubbleEvent(Object source, EventArgs args)
   en System.Web.UI.WebControls.ImageButton.OnCommand(CommandEventArgs e)
   en System.Web.UI.WebControls.ImageButton.RaisePostBackEvent(String eventArgument)
   en System.Web.UI.WebControls.ImageButton.System.Web.UI.IPostBackEventHandler.RaisePostBackEvent(String eventArgument)
   en System.Web.UI.Page.RaisePostBackEvent(IPostBackEventHandler sourceControl, String eventArgument)
   en System.Web.UI.Page.RaisePostBackEvent(NameValueCollection postData)
   en System.Web.UI.Page.ProcessRequestMain(Boolean includeStagesBeforeAsyncPoint, Boolean includeStagesAfterAsyncPoint)

2017-12-28 11:31:07,820 [ID (null)] [29] ERROR global_asax - ID Error       : -1282994744
Mensaje Error : La cadena de entrada no tiene el formato correcto.
Stack     :    en System.Number.StringToNumber(String str, NumberStyles options, NumberBuffer& number, NumberFormatInfo info, Boolean parseDecimal)
   en System.Number.ParseInt32(String s, NumberStyles style, NumberFormatInfo info)
   en System.String.System.IConvertible.ToInt32(IFormatProvider provider)
   en System.Convert.ToInt32(Object value)
   en Paginas_ConsultaTProvisorios.RowCommand(Object sender, GridViewCommandEventArgs e) en c:\Desarrollos\ConveniosInternacionales\Convenios_Site\Paginas\ConsultaTProvisorios.aspx.cs:línea 370
   en System.Web.UI.WebControls.GridView.OnRowCommand(GridViewCommandEventArgs e)
   en System.Web.UI.WebControls.GridView.HandleEvent(EventArgs e, Boolean causesValidation, String validationGroup)
   en System.Web.UI.WebControls.GridView.OnBubbleEvent(Object source, EventArgs e)
   en System.Web.UI.Control.RaiseBubbleEvent(Object source, EventArgs args)
   en System.Web.UI.WebControls.GridViewRow.OnBubbleEvent(Object source, EventArgs e)
   en System.Web.UI.Control.RaiseBubbleEvent(Object source, EventArgs args)
   en System.Web.UI.WebControls.ImageButton.OnCommand(CommandEventArgs e)
   en System.Web.UI.WebControls.ImageButton.RaisePostBackEvent(String eventArgument)
   en System.Web.UI.WebControls.ImageButton.System.Web.UI.IPostBackEventHandler.RaisePostBackEvent(String eventArgument)
   en System.Web.UI.Page.RaisePostBackEvent(IPostBackEventHandler sourceControl, String eventArgument)
   en System.Web.UI.Page.RaisePostBackEvent(NameValueCollection postData)
   en System.Web.UI.Page.ProcessRequestMain(Boolean includeStagesBeforeAsyncPoint, Boolean includeStagesAfterAsyncPoint)

2017-12-28 11:31:56,234 [ID (null)] [29] ERROR global_asax - ID Error       : -1453280429
Mensaje Error : La cadena de entrada no tiene el formato correcto.
Stack     :    en System.Number.StringToNumber(String str, NumberStyles options, NumberBuffer& number, NumberFormatInfo info, Boolean parseDecimal)
   en System.Number.ParseInt32(String s, NumberStyles style, NumberFormatInfo info)
   en System.String.System.IConvertible.ToInt32(IFormatProvider provider)
   en System.Convert.ToInt32(Object value)
   en Paginas_ConsultaTProvisorios.RowCommand(Object sender, GridViewCommandEventArgs e) en c:\Desarrollos\ConveniosInternacionales\Convenios_Site\Paginas\ConsultaTProvisorios.aspx.cs:línea 370
   en System.Web.UI.WebControls.GridView.OnRowCommand(GridViewCommandEventArgs e)
   en System.Web.UI.WebControls.GridView.HandleEvent(EventArgs e, Boolean causesValidation, String validationGroup)
   en System.Web.UI.WebControls.GridView.OnBubbleEvent(Object source, EventArgs e)
   en System.Web.UI.Control.RaiseBubbleEvent(Object source, EventArgs args)
   en System.Web.UI.WebControls.GridViewRow.OnBubbleEvent(Object source, EventArgs e)
   en System.Web.UI.Control.RaiseBubbleEvent(Object source, EventArgs args)
   en System.Web.UI.WebControls.ImageButton.OnCommand(CommandEventArgs e)
   en System.Web.UI.WebControls.ImageButton.RaisePostBackEvent(String eventArgument)
   en System.Web.UI.WebControls.ImageButton.System.Web.UI.IPostBackEventHandler.RaisePostBackEvent(String eventArgument)
   en System.Web.UI.Page.RaisePostBackEvent(IPostBackEventHandler sourceControl, String eventArgument)
   en System.Web.UI.Page.RaisePostBackEvent(NameValueCollection postData)
   en System.Web.UI.Page.ProcessRequestMain(Boolean includeStagesBeforeAsyncPoint, Boolean includeStagesAfterAsyncPoint)

2017-12-28 11:34:02,207 [ID (null)] [37] ERROR global_asax - ID Error       : 1419211163
Mensaje Error : La cadena de entrada no tiene el formato correcto.
Stack     :    en System.Number.StringToNumber(String str, NumberStyles options, NumberBuffer& number, NumberFormatInfo info, Boolean parseDecimal)
   en System.Number.ParseInt32(String s, NumberStyles style, NumberFormatInfo info)
   en System.String.System.IConvertible.ToInt32(IFormatProvider provider)
   en System.Convert.ToInt32(Object value)
   en Paginas_ConsultaTProvisorios.RowCommand(Object sender, GridViewCommandEventArgs e)
   en System.Web.UI.WebControls.GridView.OnRowCommand(GridViewCommandEventArgs e)
   en System.Web.UI.WebControls.GridView.HandleEvent(EventArgs e, Boolean causesValidation, String validationGroup)
   en System.Web.UI.WebControls.GridView.OnBubbleEvent(Object source, EventArgs e)
   en System.Web.UI.Control.RaiseBubbleEvent(Object source, EventArgs args)
   en System.Web.UI.WebControls.GridViewRow.OnBubbleEvent(Object source, EventArgs e)
   en System.Web.UI.Control.RaiseBubbleEvent(Object source, EventArgs args)
   en System.Web.UI.WebControls.ImageButton.OnCommand(CommandEventArgs e)
   en System.Web.UI.WebControls.ImageButton.RaisePostBackEvent(String eventArgument)
   en System.Web.UI.WebControls.ImageButton.System.Web.UI.IPostBackEventHandler.RaisePostBackEvent(String eventArgument)
   en System.Web.UI.Page.RaisePostBackEvent(IPostBackEventHandler sourceControl, String eventArgument)
   en System.Web.UI.Page.RaisePostBackEvent(NameValueCollection postData)
   en System.Web.UI.Page.ProcessRequestMain(Boolean includeStagesBeforeAsyncPoint, Boolean includeStagesAfterAsyncPoint)

2017-12-28 11:34:31,769 [ID (null)] [29] ERROR global_asax - ID Error       : 1794992378
Mensaje Error : La columna 'TipoDocumentacion' no pertenece a la tabla .
Stack     :    en System.Data.DataRow.GetDataColumn(String columnName)
   en System.Data.DataRow.set_Item(String columnName, Object value)
   en ToDatatable.toDataTable(List`1 iParam) en c:\Desarrollos\ConveniosInternacionales\Convenios_Site\App_Code\ToDatatable.cs:línea 663
   en Paginas_ConsultaTProvisorios.RowCommand(Object sender, GridViewCommandEventArgs e) en c:\Desarrollos\ConveniosInternacionales\Convenios_Site\Paginas\ConsultaTProvisorios.aspx.cs:línea 379
   en System.Web.UI.WebControls.GridView.OnRowCommand(GridViewCommandEventArgs e)
   en System.Web.UI.WebControls.GridView.HandleEvent(EventArgs e, Boolean causesValidation, String validationGroup)
   en System.Web.UI.WebControls.GridView.OnBubbleEvent(Object source, EventArgs e)
   en System.Web.UI.Control.RaiseBubbleEvent(Object source, EventArgs args)
   en System.Web.UI.WebControls.GridViewRow.OnBubbleEvent(Object source, EventArgs e)
   en System.Web.UI.Control.RaiseBubbleEvent(Object source, EventArgs args)
   en System.Web.UI.WebControls.ImageButton.OnCommand(CommandEventArgs e)
   en System.Web.UI.WebControls.ImageButton.RaisePostBackEvent(String eventArgument)
   en System.Web.UI.WebControls.ImageButton.System.Web.UI.IPostBackEventHandler.RaisePostBackEvent(String eventArgument)
   en System.Web.UI.Page.RaisePostBackEvent(IPostBackEventHandler sourceControl, String eventArgument)
   en System.Web.UI.Page.RaisePostBackEvent(NameValueCollection postData)
   en System.Web.UI.Page.ProcessRequestMain(Boolean includeStagesBeforeAsyncPoint, Boolean includeStagesAfterAsyncPoint)

2017-12-28 11:34:50,570 [ID (null)] [37] ERROR global_asax - ID Error       : -467862160
Mensaje Error : La columna 'TipoDocumentacion' no pertenece a la tabla .
Stack     :    en System.Data.DataRow.GetDataColumn(String columnName)
   en System.Data.DataRow.set_Item(String columnName, Object value)
   en ToDatatable.toDataTable(List`1 iParam) en c:\Desarrollos\ConveniosInternacionales\Convenios_Site\App_Code\ToDatatable.cs:línea 663
   en Paginas_ConsultaTProvisorios.RowCommand(Object sender, GridViewCommandEventArgs e) en c:\Desarrollos\ConveniosInternacionales\Convenios_Site\Paginas\ConsultaTProvisorios.aspx.cs:línea 379
   en System.Web.UI.WebControls.GridView.OnRowCommand(GridViewCommandEventArgs e)
   en System.Web.UI.WebControls.GridView.HandleEvent(EventArgs e, Boolean causesValidation, String validationGroup)
   en System.Web.UI.WebControls.GridView.OnBubbleEvent(Object source, EventArgs e)
   en System.Web.UI.Control.RaiseBubbleEvent(Object source, EventArgs args)
   en System.Web.UI.WebControls.GridViewRow.OnBubbleEvent(Object source, EventArgs e)
   en System.Web.UI.Control.RaiseBubbleEvent(Object source, EventArgs args)
   en System.Web.UI.WebControls.ImageButton.OnCommand(CommandEventArgs e)
   en System.Web.UI.WebControls.ImageButton.RaisePostBackEvent(String eventArgument)
   en System.Web.UI.WebControls.ImageButton.System.Web.UI.IPostBackEventHandler.RaisePostBackEvent(String eventArgument)
   en System.Web.UI.Page.RaisePostBackEvent(IPostBackEventHandler sourceControl, String eventArgument)
   en System.Web.UI.Page.RaisePostBackEvent(NameValueCollection postData)
   en System.Web.UI.Page.ProcessRequestMain(Boolean includeStagesBeforeAsyncPoint, Boolean includeStagesAfterAsyncPoint)

2017-12-28 11:45:43,977 [ID (null)] [11] ERROR global_asax - ID Error       : 1427411085
Mensaje Error : La columna 'TipoDocumentacion' no pertenece a la tabla .
Stack     :    en System.Data.DataRow.GetDataColumn(String columnName)
   en System.Data.DataRow.set_Item(String columnName, Object value)
   en ToDatatable.toDataTable(List`1 iParam) en c:\Desarrollos\ConveniosInternacionales\Convenios_Site\App_Code\ToDatatable.cs:línea 663
   en Paginas_ConsultaTProvisorios.RowCommand(Object sender, GridViewCommandEventArgs e) en c:\Desarrollos\ConveniosInternacionales\Convenios_Site\Paginas\ConsultaTProvisorios.aspx.cs:línea 379
   en System.Web.UI.WebControls.GridView.OnRowCommand(GridViewCommandEventArgs e)
   en System.Web.UI.WebControls.GridView.HandleEvent(EventArgs e, Boolean causesValidation, String validationGroup)
   en System.Web.UI.WebControls.GridView.OnBubbleEvent(Object source, EventArgs e)
   en System.Web.UI.Control.RaiseBubbleEvent(Object source, EventArgs args)
   en System.Web.UI.WebControls.GridViewRow.OnBubbleEvent(Object source, EventArgs e)
   en System.Web.UI.Control.RaiseBubbleEvent(Object source, EventArgs args)
   en System.Web.UI.WebControls.ImageButton.OnCommand(CommandEventArgs e)
   en System.Web.UI.WebControls.ImageButton.RaisePostBackEvent(String eventArgument)
   en System.Web.UI.WebControls.ImageButton.System.Web.UI.IPostBackEventHandler.RaisePostBackEvent(String eventArgument)
   en System.Web.UI.Page.RaisePostBackEvent(IPostBackEventHandler sourceControl, String eventArgument)
   en System.Web.UI.Page.RaisePostBackEvent(NameValueCollection postData)
   en System.Web.UI.Page.ProcessRequestMain(Boolean includeStagesBeforeAsyncPoint, Boolean includeStagesAfterAsyncPoint)

2017-12-28 11:48:38,225 [ID (null)] [6] ERROR MasterPage - 7503-Error en sesión.No se puede obtener credenciales
Anses.Director.Session.DirSessionExepcion: 7503-Error en sesión.No se puede obtener credenciales
   en Anses.Director.Session.Credencial.ObtenerCredencial()
   en MasterPage.Page_Init(Object sender, EventArgs e) en c:\Desarrollos\ConveniosInternacionales\Convenios_Site\MasterPage\MasterPage.master.cs:línea 144
2017-12-28 11:48:38,380 [ID (null)] [6] ERROR DirectorManager - En consultarDirector 7503-Error en sesión.No se puede obtener credenciales
2017-12-28 11:55:22,216 [ID (null)] [15] ERROR MasterPage - 7503-Error en sesión.No se puede obtener credenciales
Anses.Director.Session.DirSessionExepcion: 7503-Error en sesión.No se puede obtener credenciales
   en Anses.Director.Session.Credencial.ObtenerCredencial()
   en MasterPage.Page_Init(Object sender, EventArgs e) en c:\Desarrollos\ConveniosInternacionales\Convenios_Site\MasterPage\MasterPage.master.cs:línea 144
2017-12-28 11:55:22,294 [ID (null)] [15] ERROR DirectorManager - En consultarDirector 7503-Error en sesión.No se puede obtener credenciales
2017-12-28 11:56:03,251 [ID (null)] [18] ERROR global_asax - ID Error       : -1517094044
Mensaje Error : La columna 'TipoDocumentacion' no pertenece a la tabla .
Stack     :    en System.Data.DataRow.GetDataColumn(String columnName)
   en System.Data.DataRow.set_Item(String columnName, Object value)
   en ToDatatable.toDataTable(List`1 iParam) en c:\Desarrollos\ConveniosInternacionales\Convenios_Site\App_Code\ToDatatable.cs:línea 663
   en Paginas_ConsultaTProvisorios.RowCommand(Object sender, GridViewCommandEventArgs e) en c:\Desarrollos\ConveniosInternacionales\Convenios_Site\Paginas\ConsultaTProvisorios.aspx.cs:línea 379
   en System.Web.UI.WebControls.GridView.OnRowCommand(GridViewCommandEventArgs e)
   en System.Web.UI.WebControls.GridView.HandleEvent(EventArgs e, Boolean causesValidation, String validationGroup)
   en System.Web.UI.WebControls.GridView.OnBubbleEvent(Object source, EventArgs e)
   en System.Web.UI.Control.RaiseBubbleEvent(Object source, EventArgs args)
   en System.Web.UI.WebControls.GridViewRow.OnBubbleEvent(Object source, EventArgs e)
   en System.Web.UI.Control.RaiseBubbleEvent(Object source, EventArgs args)
   en System.Web.UI.WebControls.ImageButton.OnCommand(CommandEventArgs e)
   en System.Web.UI.WebControls.ImageButton.RaisePostBackEvent(String eventArgument)
   en System.Web.UI.WebControls.ImageButton.System.Web.UI.IPostBackEventHandler.RaisePostBackEvent(String eventArgument)
   en System.Web.UI.Page.RaisePostBackEvent(IPostBackEventHandler sourceControl, String eventArgument)
   en System.Web.UI.Page.RaisePostBackEvent(NameValueCollection postData)
   en System.Web.UI.Page.ProcessRequestMain(Boolean includeStagesBeforeAsyncPoint, Boolean includeStagesAfterAsyncPoint)

2017-12-28 11:56:11,712 [ID (null)] [14] ERROR global_asax - ID Error       : 1584749624
Mensaje Error : La columna 'TipoDocumentacion' no pertenece a la tabla .
Stack     :    en System.Data.DataRow.GetDataColumn(String columnName)
   en System.Data.DataRow.set_Item(String columnName, Object value)
   en ToDatatable.toDataTable(List`1 iParam) en c:\Desarrollos\ConveniosInternacionales\Convenios_Site\App_Code\ToDatatable.cs:línea 663
   en Paginas_ConsultaTProvisorios.RowCommand(Object sender, GridViewCommandEventArgs e) en c:\Desarrollos\ConveniosInternacionales\Convenios_Site\Paginas\ConsultaTProvisorios.aspx.cs:línea 379
   en System.Web.UI.WebControls.GridView.OnRowCommand(GridViewCommandEventArgs e)
   en System.Web.UI.WebControls.GridView.HandleEvent(EventArgs e, Boolean causesValidation, String validationGroup)
   en System.Web.UI.WebControls.GridView.OnBubbleEvent(Object source, EventArgs e)
   en System.Web.UI.Control.RaiseBubbleEvent(Object source, EventArgs args)
   en System.Web.UI.WebControls.GridViewRow.OnBubbleEvent(Object source, EventArgs e)
   en System.Web.UI.Control.RaiseBubbleEvent(Object source, EventArgs args)
   en System.Web.UI.WebControls.ImageButton.OnCommand(CommandEventArgs e)
   en System.Web.UI.WebControls.ImageButton.RaisePostBackEvent(String eventArgument)
   en System.Web.UI.WebControls.ImageButton.System.Web.UI.IPostBackEventHandler.RaisePostBackEvent(String eventArgument)
   en System.Web.UI.Page.RaisePostBackEvent(IPostBackEventHandler sourceControl, String eventArgument)
   en System.Web.UI.Page.RaisePostBackEvent(NameValueCollection postData)
   en System.Web.UI.Page.ProcessRequestMain(Boolean includeStagesBeforeAsyncPoint, Boolean includeStagesAfterAsyncPoint)

2017-12-28 11:56:20,471 [ID (null)] [14] ERROR global_asax - ID Error       : -113338056
Mensaje Error : La columna 'TipoDocumentacion' no pertenece a la tabla .
Stack     :    en System.Data.DataRow.GetDataColumn(String columnName)
   en System.Data.DataRow.set_Item(String columnName, Object value)
   en ToDatatable.toDataTable(List`1 iParam) en c:\Desarrollos\ConveniosInternacionales\Convenios_Site\App_Code\ToDatatable.cs:línea 663
   en Paginas_ConsultaTProvisorios.RowCommand(Object sender, GridViewCommandEventArgs e) en c:\Desarrollos\ConveniosInternacionales\Convenios_Site\Paginas\ConsultaTProvisorios.aspx.cs:línea 379
   en System.Web.UI.WebControls.GridView.OnRowCommand(GridViewCommandEventArgs e)
   en System.Web.UI.WebControls.GridView.HandleEvent(EventArgs e, Boolean causesValidation, String validationGroup)
   en System.Web.UI.WebControls.GridView.OnBubbleEvent(Object source, EventArgs e)
   en System.Web.UI.Control.RaiseBubbleEvent(Object source, EventArgs args)
   en System.Web.UI.WebControls.GridViewRow.OnBubbleEvent(Object source, EventArgs e)
   en System.Web.UI.Control.RaiseBubbleEvent(Object source, EventArgs args)
   en System.Web.UI.WebControls.ImageButton.OnCommand(CommandEventArgs e)
   en System.Web.UI.WebControls.ImageButton.RaisePostBackEvent(String eventArgument)
   en System.Web.UI.WebControls.ImageButton.System.Web.UI.IPostBackEventHandler.RaisePostBackEvent(String eventArgument)
   en System.Web.UI.Page.RaisePostBackEvent(IPostBackEventHandler sourceControl, String eventArgument)
   en System.Web.UI.Page.RaisePostBackEvent(NameValueCollection postData)
   en System.Web.UI.Page.ProcessRequestMain(Boolean includeStagesBeforeAsyncPoint, Boolean includeStagesAfterAsyncPoint)

2017-12-28 11:58:11,655 [ID (null)] [6] ERROR global_asax - ID Error       : -1589692504
Mensaje Error : La columna 'TipoDocumentacion' no pertenece a la tabla .
Stack     :    en System.Data.DataRow.GetDataColumn(String columnName)
   en System.Data.DataRow.set_Item(String columnName, Object value)
   en ToDatatable.toDataTable(List`1 iParam) en c:\Desarrollos\ConveniosInternacionales\Convenios_Site\App_Code\ToDatatable.cs:línea 663
   en Paginas_ConsultaTProvisorios.RowCommand(Object sender, GridViewCommandEventArgs e) en c:\Desarrollos\ConveniosInternacionales\Convenios_Site\Paginas\ConsultaTProvisorios.aspx.cs:línea 380
   en System.Web.UI.WebControls.GridView.OnRowCommand(GridViewCommandEventArgs e)
   en System.Web.UI.WebControls.GridView.HandleEvent(EventArgs e, Boolean causesValidation, String validationGroup)
   en System.Web.UI.WebControls.GridView.OnBubbleEvent(Object source, EventArgs e)
   en System.Web.UI.Control.RaiseBubbleEvent(Object source, EventArgs args)
   en System.Web.UI.WebControls.GridViewRow.OnBubbleEvent(Object source, EventArgs e)
   en System.Web.UI.Control.RaiseBubbleEvent(Object source, EventArgs args)
   en System.Web.UI.WebControls.ImageButton.OnCommand(CommandEventArgs e)
   en System.Web.UI.WebControls.ImageButton.RaisePostBackEvent(String eventArgument)
   en System.Web.UI.WebControls.ImageButton.System.Web.UI.IPostBackEventHandler.RaisePostBackEvent(String eventArgument)
   en System.Web.UI.Page.RaisePostBackEvent(IPostBackEventHandler sourceControl, String eventArgument)
   en System.Web.UI.Page.RaisePostBackEvent(NameValueCollection postData)
   en System.Web.UI.Page.ProcessRequestMain(Boolean includeStagesBeforeAsyncPoint, Boolean includeStagesAfterAsyncPoint)

2017-12-28 11:59:03,913 [ID (null)] [16] ERROR global_asax - ID Error       : -2122935670
Mensaje Error : Referencia a objeto no establecida como instancia de un objeto.
Stack     :    en Paginas_ConsultaTProvisorios.RowCommand(Object sender, GridViewCommandEventArgs e) en c:\Desarrollos\ConveniosInternacionales\Convenios_Site\Paginas\ConsultaTProvisorios.aspx.cs:línea 374
   en System.Web.UI.WebControls.GridView.OnRowCommand(GridViewCommandEventArgs e)
   en System.Web.UI.WebControls.GridView.HandleEvent(EventArgs e, Boolean causesValidation, String validationGroup)
   en System.Web.UI.WebControls.GridView.OnBubbleEvent(Object source, EventArgs e)
   en System.Web.UI.Control.RaiseBubbleEvent(Object source, EventArgs args)
   en System.Web.UI.WebControls.GridViewRow.OnBubbleEvent(Object source, EventArgs e)
   en System.Web.UI.Control.RaiseBubbleEvent(Object source, EventArgs args)
   en System.Web.UI.WebControls.ImageButton.OnCommand(CommandEventArgs e)
   en System.Web.UI.WebControls.ImageButton.RaisePostBackEvent(String eventArgument)
   en System.Web.UI.WebControls.ImageButton.System.Web.UI.IPostBackEventHandler.RaisePostBackEvent(String eventArgument)
   en System.Web.UI.Page.RaisePostBackEvent(IPostBackEventHandler sourceControl, String eventArgument)
   en System.Web.UI.Page.RaisePostBackEvent(NameValueCollection postData)
   en System.Web.UI.Page.ProcessRequestMain(Boolean includeStagesBeforeAsyncPoint, Boolean includeStagesAfterAsyncPoint)

2017-12-28 14:39:39,047 [ID (null)] [7] ERROR MasterPage - 7503-Error en sesión.No se puede obtener credenciales
Anses.Director.Session.DirSessionExepcion: 7503-Error en sesión.No se puede obtener credenciales
   en Anses.Director.Session.Credencial.ObtenerCredencial()
   en MasterPage.Page_Init(Object sender, EventArgs e) en c:\Desarrollos\ConveniosInternacionales\Convenios_Site\MasterPage\MasterPage.master.cs:línea 144
2017-12-28 14:39:39,546 [ID (null)] [7] ERROR DirectorManager - En consultarDirector 7503-Error en sesión.No se puede obtener credenciales
2017-12-28 14:40:48,182 [ID (null)] [7] ERROR global_asax - ID Error       : 1135977417
Mensaje Error : La columna 'TipoDocumentacion' no pertenece a la tabla .
Stack     :    en System.Data.DataRow.GetDataColumn(String columnName)
   en System.Data.DataRow.set_Item(String columnName, Object value)
   en ToDatatable.toDataTable(List`1 iParam) en c:\Desarrollos\ConveniosInternacionales\Convenios_Site\App_Code\ToDatatable.cs:línea 663
   en Paginas_ConsultaTProvisorios.RowCommand(Object sender, GridViewCommandEventArgs e) en c:\Desarrollos\ConveniosInternacionales\Convenios_Site\Paginas\ConsultaTProvisorios.aspx.cs:línea 380
   en System.Web.UI.WebControls.GridView.OnRowCommand(GridViewCommandEventArgs e)
   en System.Web.UI.WebControls.GridView.HandleEvent(EventArgs e, Boolean causesValidation, String validationGroup)
   en System.Web.UI.WebControls.GridView.OnBubbleEvent(Object source, EventArgs e)
   en System.Web.UI.Control.RaiseBubbleEvent(Object source, EventArgs args)
   en System.Web.UI.WebControls.GridViewRow.OnBubbleEvent(Object source, EventArgs e)
   en System.Web.UI.Control.RaiseBubbleEvent(Object source, EventArgs args)
   en System.Web.UI.WebControls.ImageButton.OnCommand(CommandEventArgs e)
   en System.Web.UI.WebControls.ImageButton.RaisePostBackEvent(String eventArgument)
   en System.Web.UI.WebControls.ImageButton.System.Web.UI.IPostBackEventHandler.RaisePostBackEvent(String eventArgument)
   en System.Web.UI.Page.RaisePostBackEvent(IPostBackEventHandler sourceControl, String eventArgument)
   en System.Web.UI.Page.RaisePostBackEvent(NameValueCollection postData)
   en System.Web.UI.Page.ProcessRequestMain(Boolean includeStagesBeforeAsyncPoint, Boolean includeStagesAfterAsyncPoint)

2017-12-28 14:42:32,565 [ID (null)] [7] ERROR global_asax - ID Error       : -333306680
Mensaje Error : Referencia a objeto no establecida como instancia de un objeto.
Stack     :    en Paginas_ConsultaTProvisorios.RowCommand(Object sender, GridViewCommandEventArgs e) en c:\Desarrollos\ConveniosInternacionales\Convenios_Site\Paginas\ConsultaTProvisorios.aspx.cs:línea 374
   en System.Web.UI.WebControls.GridView.OnRowCommand(GridViewCommandEventArgs e)
   en System.Web.UI.WebControls.GridView.HandleEvent(EventArgs e, Boolean causesValidation, String validationGroup)
   en System.Web.UI.WebControls.GridView.OnBubbleEvent(Object source, EventArgs e)
   en System.Web.UI.Control.RaiseBubbleEvent(Object source, EventArgs args)
   en System.Web.UI.WebControls.GridViewRow.OnBubbleEvent(Object source, EventArgs e)
   en System.Web.UI.Control.RaiseBubbleEvent(Object source, EventArgs args)
   en System.Web.UI.WebControls.ImageButton.OnCommand(CommandEventArgs e)
   en System.Web.UI.WebControls.ImageButton.RaisePostBackEvent(String eventArgument)
   en System.Web.UI.WebControls.ImageButton.System.Web.UI.IPostBackEventHandler.RaisePostBackEvent(String eventArgument)
   en System.Web.UI.Page.RaisePostBackEvent(IPostBackEventHandler sourceControl, String eventArgument)
   en System.Web.UI.Page.RaisePostBackEvent(NameValueCollection postData)
   en System.Web.UI.Page.ProcessRequestMain(Boolean includeStagesBeforeAsyncPoint, Boolean includeStagesAfterAsyncPoint)

2017-12-28 14:42:46,337 [ID (null)] [8] ERROR global_asax - ID Error       : 1626709391
Mensaje Error : Referencia a objeto no establecida como instancia de un objeto.
Stack     :    en Paginas_ConsultaTProvisorios.RowCommand(Object sender, GridViewCommandEventArgs e) en c:\Desarrollos\ConveniosInternacionales\Convenios_Site\Paginas\ConsultaTProvisorios.aspx.cs:línea 374
   en System.Web.UI.WebControls.GridView.OnRowCommand(GridViewCommandEventArgs e)
   en System.Web.UI.WebControls.GridView.HandleEvent(EventArgs e, Boolean causesValidation, String validationGroup)
   en System.Web.UI.WebControls.GridView.OnBubbleEvent(Object source, EventArgs e)
   en System.Web.UI.Control.RaiseBubbleEvent(Object source, EventArgs args)
   en System.Web.UI.WebControls.GridViewRow.OnBubbleEvent(Object source, EventArgs e)
   en System.Web.UI.Control.RaiseBubbleEvent(Object source, EventArgs args)
   en System.Web.UI.WebControls.ImageButton.OnCommand(CommandEventArgs e)
   en System.Web.UI.WebControls.ImageButton.RaisePostBackEvent(String eventArgument)
   en System.Web.UI.WebControls.ImageButton.System.Web.UI.IPostBackEventHandler.RaisePostBackEvent(String eventArgument)
   en System.Web.UI.Page.RaisePostBackEvent(IPostBackEventHandler sourceControl, String eventArgument)
   en System.Web.UI.Page.RaisePostBackEvent(NameValueCollection postData)
   en System.Web.UI.Page.ProcessRequestMain(Boolean includeStagesBeforeAsyncPoint, Boolean includeStagesAfterAsyncPoint)

2017-12-28 14:43:10,409 [ID (null)] [7] ERROR MasterPage - 7503-Error en sesión.No se puede obtener credenciales
Anses.Director.Session.DirSessionExepcion: 7503-Error en sesión.No se puede obtener credenciales
   en Anses.Director.Session.Credencial.ObtenerCredencial()
   en MasterPage.Page_Init(Object sender, EventArgs e) en c:\Desarrollos\ConveniosInternacionales\Convenios_Site\MasterPage\MasterPage.master.cs:línea 144
2017-12-28 14:43:10,454 [ID (null)] [7] ERROR DirectorManager - En consultarDirector 7503-Error en sesión.No se puede obtener credenciales
2017-12-28 15:14:16,907 [ID (null)] [7] ERROR DirectorManager - En consultarDirector 7503-Error en sesión.No se puede obtener credenciales
2017-12-28 15:14:43,004 [ID (null)] [7] ERROR InvocaArchivosWS - Boolean ObtenerRutaArchivo(System.String, System.String, System.String ByRef) - Error:Documento no hallado en digiweb->AC00000110
2017-12-28 15:14:54,207 [ID (null)] [7] ERROR InvocaArchivosWS - Boolean ObtenerRutaArchivo(System.String, System.String, System.String ByRef) - Error:Documento no hallado en digiweb->DE00000762
2017-12-28 15:15:31,228 [ID (null)] [13] ERROR InvocaArchivosWS - Boolean ObtenerRutaArchivo(System.String, System.String, System.String ByRef) - Error:Documento no hallado en digiweb->DE00000521
2017-12-28 15:16:45,304 [ID (null)] [13] ERROR InvocaArchivosWS - Boolean ObtenerRutaArchivo(System.String, System.String, System.String ByRef) - Error:Documento no hallado en digiweb->JO00000320
2017-12-28 15:18:31,159 [ID (null)] [13] ERROR InvocaArchivosWS - Boolean ObtenerRutaArchivo(System.String, System.String, System.String ByRef) - Error:Documento no hallado en digiweb->JO00000320
2017-12-28 15:19:25,829 [ID (null)] [22] ERROR InvocaArchivosWS - Boolean ObtenerRutaArchivo(System.String, System.String, System.String ByRef) - Error:Documento no hallado en digiweb->JO00000420
2017-12-28 15:20:03,810 [ID (null)] [23] ERROR InvocaArchivosWS - Boolean ObtenerRutaArchivo(System.String, System.String, System.String ByRef) - Error:Documento no hallado en digiweb->DE00000762
2017-12-28 15:20:39,015 [ID (null)] [23] ERROR InvocaArchivosWS - Boolean ObtenerRutaArchivo(System.String, System.String, System.String ByRef) - Error:Documento no hallado en digiweb->AC00000114
2017-12-28 15:25:35,187 [ID (null)] [39] ERROR global_asax - ID Error       : -28565668
Mensaje Error : El archivo '/Convenios_Site/Paginas/Dictamenpdf.aspx' no existe.
Stack     :    en System.Web.UI.Util.CheckVirtualFileExists(VirtualPath virtualPath)
   en System.Web.Compilation.BuildManager.GetVPathBuildResultInternal(VirtualPath virtualPath, Boolean noBuild, Boolean allowCrossApp, Boolean allowBuildInPrecompile, Boolean throwIfNotFound, Boolean ensureIsUpToDate)
   en System.Web.Compilation.BuildManager.GetVPathBuildResultWithNoAssert(HttpContext context, VirtualPath virtualPath, Boolean noBuild, Boolean allowCrossApp, Boolean allowBuildInPrecompile, Boolean throwIfNotFound, Boolean ensureIsUpToDate)
   en System.Web.Compilation.BuildManager.GetVirtualPathObjectFactory(VirtualPath virtualPath, HttpContext context, Boolean allowCrossApp, Boolean throwIfNotFound)
   en System.Web.Compilation.BuildManager.CreateInstanceFromVirtualPath(VirtualPath virtualPath, Type requiredBaseType, HttpContext context, Boolean allowCrossApp)
   en System.Web.UI.PageHandlerFactory.GetHandlerHelper(HttpContext context, String requestType, VirtualPath virtualPath, String physicalPath)
   en System.Web.UI.PageHandlerFactory.GetHandler(HttpContext context, String requestType, String virtualPath, String path)
   en System.Web.HttpApplication.MaterializeHandlerExecutionStep.System.Web.HttpApplication.IExecutionStep.Execute()
   en System.Web.HttpApplication.ExecuteStep(IExecutionStep step, Boolean& completedSynchronously)

