2018-01-08 10:49:33,787 [ID (null)] [28] ERROR global_asax - ID Error       : -1484904592
Mensaje Error : c:\Desarrollos\ConveniosInternacionales\Convenios_Site\Paginas\Main.aspx.cs(84): error CS0103: El nombre 'lbTrProvisoriosActual' no existe en el contexto actual
Stack     :    en System.Web.Compilation.BuildManager.CompileWebFile(VirtualPath virtualPath)
   en System.Web.Compilation.BuildManager.GetVPathBuildResultInternal(VirtualPath virtualPath, Boolean noBuild, Boolean allowCrossApp, Boolean allowBuildInPrecompile, Boolean throwIfNotFound, Boolean ensureIsUpToDate)
   en System.Web.Compilation.BuildManager.GetVPathBuildResultWithNoAssert(HttpContext context, VirtualPath virtualPath, Boolean noBuild, Boolean allowCrossApp, Boolean allowBuildInPrecompile, Boolean throwIfNotFound, Boolean ensureIsUpToDate)
   en System.Web.Compilation.BuildManager.GetVirtualPathObjectFactory(VirtualPath virtualPath, HttpContext context, Boolean allowCrossApp, Boolean throwIfNotFound)
   en System.Web.Compilation.BuildManager.CreateInstanceFromVirtualPath(VirtualPath virtualPath, Type requiredBaseType, HttpContext context, Boolean allowCrossApp)
   en System.Web.UI.PageHandlerFactory.GetHandlerHelper(HttpContext context, String requestType, VirtualPath virtualPath, String physicalPath)
   en System.Web.UI.PageHandlerFactory.GetHandler(HttpContext context, String requestType, String virtualPath, String path)
   en System.Web.HttpApplication.MaterializeHandlerExecutionStep.System.Web.HttpApplication.IExecutionStep.Execute()
   en System.Web.HttpApplication.ExecuteStep(IExecutionStep step, Boolean& completedSynchronously)

2018-01-08 13:20:04,235 [ID (null)] [21] ERROR global_asax - ID Error       : -1189507470
Mensaje Error : El archivo '/Convenios_Site/Paginas/ConIndicadoresXSector.aspx' no existe.
Stack     :    en System.Web.UI.Util.CheckVirtualFileExists(VirtualPath virtualPath)
   en System.Web.Compilation.BuildManager.GetVPathBuildResultInternal(VirtualPath virtualPath, Boolean noBuild, Boolean allowCrossApp, Boolean allowBuildInPrecompile, Boolean throwIfNotFound, Boolean ensureIsUpToDate)
   en System.Web.Compilation.BuildManager.GetVPathBuildResultWithNoAssert(HttpContext context, VirtualPath virtualPath, Boolean noBuild, Boolean allowCrossApp, Boolean allowBuildInPrecompile, Boolean throwIfNotFound, Boolean ensureIsUpToDate)
   en System.Web.Compilation.BuildManager.GetVirtualPathObjectFactory(VirtualPath virtualPath, HttpContext context, Boolean allowCrossApp, Boolean throwIfNotFound)
   en System.Web.Compilation.BuildManager.CreateInstanceFromVirtualPath(VirtualPath virtualPath, Type requiredBaseType, HttpContext context, Boolean allowCrossApp)
   en System.Web.UI.PageHandlerFactory.GetHandlerHelper(HttpContext context, String requestType, VirtualPath virtualPath, String physicalPath)
   en System.Web.UI.PageHandlerFactory.GetHandler(HttpContext context, String requestType, String virtualPath, String path)
   en System.Web.HttpApplication.MaterializeHandlerExecutionStep.System.Web.HttpApplication.IExecutionStep.Execute()
   en System.Web.HttpApplication.ExecuteStep(IExecutionStep step, Boolean& completedSynchronously)

2018-01-08 14:41:43,476 [ID (null)] [8] ERROR MasterPage - 7503-Error en sesión.No se puede obtener credenciales
Anses.Director.Session.DirSessionExepcion: 7503-Error en sesión.No se puede obtener credenciales
   en Anses.Director.Session.Credencial.ObtenerCredencial()
   en MasterPage.Page_Init(Object sender, EventArgs e) en c:\Desarrollos\ConveniosInternacionales\Convenios_Site\MasterPage\MasterPage.master.cs:línea 144
2018-01-08 14:41:44,555 [ID (null)] [8] ERROR DirectorManager - En consultarDirector 7503-Error en sesión.No se puede obtener credenciales
2018-01-08 14:41:44,571 [ID (null)] [8] ERROR Paginas_Main - Error al cargar la pagina Main.aspx error: Subproceso anulado.
2018-01-08 14:41:46,287 [ID (null)] [9] ERROR Paginas_Main - Error al cargar la pagina Main.aspx error: Subproceso anulado.
2018-01-08 14:53:45,470 [ID (null)] [19] ERROR AltaRapida - El valor no puede ser nulo.
Nombre del parámetro: uriString
2018-01-08 14:53:57,187 [ID (null)] [5] ERROR AltaRapida - El valor no puede ser nulo.
Nombre del parámetro: uriString
2018-01-08 14:54:45,461 [ID (null)] [22] ERROR AltaRapida - El valor no puede ser nulo.
Nombre del parámetro: uriString
